initLibrary()
Initialized library.
initOpenGLRenderer(768,1280,002AEAAC,256)
RenderServer::create creating TCP streamlisten: created loopback server
 started renderer thread.
rcGetFBParam(1)
Requested FB width: return 768rcGetFBParam(2)
Requested FB height: return 1280rcGetFBParam(8)
rcGetFBParam(8)
rcGetFBParam(5)
rcGetFBParam(6)
rcGetFBParam(7)
rcGetFBParam(8)
rcCreateContext: FrameBuffer::getFB returned something, calling createRenderContext...
createRenderContext: Returning 1rcCreateContext: FrameBuffer::getFB returned something, calling createRenderContext...
createRenderContext: Returning 9rcCreateContext: FrameBuffer::getFB returned something, calling createRenderContext...
createRenderContext: Returning 13rcCreateContext: FrameBuffer::getFB returned something, calling createRenderContext...
createRenderContext: Returning 16rcCreateContext: FrameBuffer::getFB returned something, calling createRenderContext...
createRenderContext: Returning 29rcCreateContext: FrameBuffer::getFB returned something, calling createRenderContext...
createRenderContext: Returning 51initLibrary()
Initialized library.
initOpenGLRenderer(768,1280,0066E68C,256)
RenderServer::create creating TCP streamlisten: created loopback server
 started renderer thread.
rcGetFBParam(1)
Requested FB width: return 768rcGetFBParam(2)
Requested FB height: return 1280rcGetFBParam(8)
rcGetFBParam(8)
rcGetFBParam(5)
rcGetFBParam(6)
rcGetFBParam(7)
rcGetFBParam(8)
rcCreateContext: FrameBuffer::getFB returned something, calling createRenderContext...
createRenderContext: Returning 1rcCreateContext: FrameBuffer::getFB returned something, calling createRenderContext...
createRenderContext: Returning 9rcCreateContext: FrameBuffer::getFB returned something, calling createRenderContext...
createRenderContext: Returning 13rcCreateContext: FrameBuffer::getFB returned something, calling createRenderContext...
createRenderContext: Returning 16rcCreateContext: FrameBuffer::getFB returned something, calling createRenderContext...
createRenderContext: Returning 27rcCreateContext: FrameBuffer::getFB returned something, calling createRenderContext...
createRenderContext: Returning 53rcCreateContext: FrameBuffer::getFB returned something, calling createRenderContext...
createRenderContext: Returning 72